Procesando→ /etc/hadoop/core-site.xml
Antes :
<?xml version="1.0" encoding="UTF-8"?>
<?xml-stylesheet type="text/xsl" href="configuration.xsl"?>
<!--
  Licensed under the Apache License, Version 2.0 (the "License");
  you may not use this file except in compliance with the License.
  You may obtain a copy of the License at

    http://www.apache.org/licenses/LICENSE-2.0

  Unless required by applicable law or agreed to in writing, software
  distributed under the License is distributed on an "AS IS" BASIS,
  WITHOUT WARRANTIES OR CONDITIONS OF ANY KIND, either express or implied.
  See the License for the specific language governing permissions and
  limitations under the License. See accompanying LICENSE file.
-->

<!-- Put site-specific property overrides in this file. -->

<configuration>
</configuration>
Despues :
<configuration>
    <property>
        <name>fs.defaultFS</name>
        <value>hdfs://${NAMENODE_HOST:-localhost}:${NAMENODE_PORT:-9000}</value>
    </property>
    <property>
        <name>dfs.namenode.rpc-bind-host</name>
        <value>0.0.0.0</value> 
    </property>
</configuration>Procesando→ /etc/hadoop/hdfs-site.xml
Antes :
<?xml version="1.0" encoding="UTF-8"?>
<?xml-stylesheet type="text/xsl" href="configuration.xsl"?>
<!--
  Licensed under the Apache License, Version 2.0 (the "License");
  you may not use this file except in compliance with the License.
  You may obtain a copy of the License at

    http://www.apache.org/licenses/LICENSE-2.0

  Unless required by applicable law or agreed to in writing, software
  distributed under the License is distributed on an "AS IS" BASIS,
  WITHOUT WARRANTIES OR CONDITIONS OF ANY KIND, either express or implied.
  See the License for the specific language governing permissions and
  limitations under the License. See accompanying LICENSE file.
-->

<!-- Put site-specific property overrides in this file. -->

<configuration>

</configuration>
Despues :
<?xml version="1.0" encoding="UTF-8"?>
<?xml-stylesheet type="text/xsl" href="configuration.xsl"?>

<configuration>
    <property>
        <name>dfs.replication</name>
        <value>${REPLICATION_FACTOR:-1}</value>
    </property>
    
    <!--Ruoute of the metadata-->
    <property>
        <name>dfs.namenode.name.dir</name>
        <value>file://${NAMENODE_PATH:-/hadoop/dfs/name}</value>
    </property>

    <property>
        <name>dfs.datanode.data.dir</name>
        <value>file://${DATANODE_PATH:-/hadoop/dfs/data}</value>
    </property>
</configuration>
Procesando→ /etc/hadoop/mapred-site.xml
Antes :
<?xml version="1.0"?>
<?xml-stylesheet type="text/xsl" href="configuration.xsl"?>
<!--
  Licensed under the Apache License, Version 2.0 (the "License");
  you may not use this file except in compliance with the License.
  You may obtain a copy of the License at

    http://www.apache.org/licenses/LICENSE-2.0

  Unless required by applicable law or agreed to in writing, software
  distributed under the License is distributed on an "AS IS" BASIS,
  WITHOUT WARRANTIES OR CONDITIONS OF ANY KIND, either express or implied.
  See the License for the specific language governing permissions and
  limitations under the License. See accompanying LICENSE file.
-->

<!-- Put site-specific property overrides in this file. -->

<configuration>

</configuration>
Despues :
<configuration>
    <property>
        <name>mapreduce.framework.name</name>
        <value>${MAPREDUCE_FRAMEWORK:-yarn}</value>
    </property>
    <property>
        <name>mapreduce.jobhistory.address</name>
        <value>${HISTORYSERVER_HOST:-localhost}:${HISTORYSERVER_PORT:-10020}</value>
    </property>
    <property>
        <name>mapreduce.jobhistory.webapp.address</name>
        <value>${HISTORYSERVER_HOST:-localhost}:${HISTORYSERVER_WEBAPP_PORT:-19888}</value>
    </property>
    <property>
        <name>mapreduce.map.memory.mb</name>
        <value>${MAPREDUCE_MAP_MEMORY:-512}</value>
    </property>
    <property>
        <name>mapreduce.reduce.memory.mb</name>
        <value>${MAPREDUCE_REDUCE_MEMORY:-512}</value>
    </property>
    <property>
        <name>mapreduce.map.java.opts</name>
        <value>-Xmx${MAPREDUCE_MAP_JAVA_OPTS:-409}m</value>
    </property>
    <property>
        <name>mapreduce.reduce.java.opts</name>
        <value>-Xmx${MAPREDUCE_REDUCE_JAVA_OPTS:-409}m</value>
    </property>
</configuration>Procesando→ /etc/hadoop/yarn-site.xml
Antes :
<?xml version="1.0"?>
<!--
  Licensed under the Apache License, Version 2.0 (the "License");
  you may not use this file except in compliance with the License.
  You may obtain a copy of the License at

    http://www.apache.org/licenses/LICENSE-2.0

  Unless required by applicable law or agreed to in writing, software
  distributed under the License is distributed on an "AS IS" BASIS,
  WITHOUT WARRANTIES OR CONDITIONS OF ANY KIND, either express or implied.
  See the License for the specific language governing permissions and
  limitations under the License. See accompanying LICENSE file.
-->
<configuration>

<!-- Site specific YARN configuration properties -->

</configuration>
Despues :
<configuration>
    <property>
        <name>yarn.resourcemanager.hostname</name>
        <value>localhost</value>
    </property>
    <property>
        <name>yarn.resourcemanager.address</name>
        <value>localhost:8032</value>
    </property>
    <property>
        <name>yarn.resourcemanager.scheduler.address</name>
        <value>localhost:8030</value>
    </property>
    <property>
        <name>yarn.resourcemanager.webapp.address</name>
        <value>0.0.0.0:${RESOURCEMANAGER_WEBAPP_PORT:-8088}</value>
    </property>
    <property>
        <name>yarn.nodemanager.aux-services</name>
        <value>mapreduce_shuffle</value>
    </property>
    <property>
        <name>yarn.nodemanager.resource.memory-mb</name>
        <value>${NODEMANAGER_RESOURCE_MEMORY:-1024}</value>
    </property>
    <property>
        <name>yarn.nodemanager.resource.cpu-vcores</name>
        <value>${NODEMANAGER_RESOURCE_VCORES:-1}</value>
    </property>
    <property>
        <name>yarn.scheduler.maximum-allocation-mb</name>
        <value>${YARN_SCHEDULER_MAX_MEMORY:-1024}</value>
    </property>
    <property>
        <name>yarn.nodemanager.disk-health-checker.enable</name>
        <value>false</value>
    </property>
</configuration>
   NameNode Host: namenode
   NameNode Port: 9000
   Data Directory: /hadoop/dfs/data
=== core-site.xml después del reemplazo ===
<configuration>
    <property>
        <name>fs.defaultFS</name>
        <value>hdfs://namenode:9000</value>
    </property>
    <property>
        <name>dfs.namenode.rpc-bind-host</name>
        <value>0.0.0.0</value> 
    </property>
